<?xml version="1.0" encoding="UTF-8"?>
<!-- Generated by org.testng.reporters.JUnitXMLReporter -->
<testsuite hostname="samsung-PC" name="Default test(failed)" tests="22" failures="17" timestamp="10 May 2015 18:44:01 GMT" time="0.288" errors="0">
  <testcase name="loginService" time="0.179" classname="com.FCI.SWE.Services.UserServicesTest">
    <failure type="java.lang.NullPointerException" message="No API environment is registered for this thread.">
      <![CDATA[java.lang.NullPointerException: No API environment is registered for this thread.
	at com.google.appengine.api.datastore.DatastoreApiHelper.getCurrentAppId(DatastoreApiHelper.java:117)
	at com.google.appengine.api.datastore.DatastoreApiHelper.getCurrentAppIdNamespace(DatastoreApiHelper.java:133)
	at com.google.appengine.api.datastore.Query.<init>(Query.java:211)
	at com.google.appengine.api.datastore.Query.<init>(Query.java:142)
	at com.FCI.SWE.ServicesModels.UserEntity.getUser(UserEntity.java:115)
	at com.FCI.SWE.Services.UserServices.loginService(UserServices.java:130)
	at com.FCI.SWE.Services.UserServicesTest.loginService(UserServicesTest.java:68)
... Removed 24 stack frames]]>
    </failure>
  </testcase> <!-- loginService -->
  <testcase name="loginService" time="0.001" classname="com.FCI.SWE.Services.UserServicesTest">
    <failure type="java.lang.NullPointerException" message="No API environment is registered for this thread.">
      <![CDATA[java.lang.NullPointerException: No API environment is registered for this thread.
	at com.google.appengine.api.datastore.DatastoreApiHelper.getCurrentAppId(DatastoreApiHelper.java:117)
	at com.google.appengine.api.datastore.DatastoreApiHelper.getCurrentAppIdNamespace(DatastoreApiHelper.java:133)
	at com.google.appengine.api.datastore.Query.<init>(Query.java:211)
	at com.google.appengine.api.datastore.Query.<init>(Query.java:142)
	at com.FCI.SWE.ServicesModels.UserEntity.getUser(UserEntity.java:115)
	at com.FCI.SWE.Services.UserServices.loginService(UserServices.java:130)
	at com.FCI.SWE.Services.UserServicesTest.loginService(UserServicesTest.java:68)
... Removed 24 stack frames]]>
    </failure>
  </testcase> <!-- loginService -->
  <testcase name="loginService" time="0.001" classname="com.FCI.SWE.Services.UserServicesTest">
    <failure type="java.lang.NullPointerException" message="No API environment is registered for this thread.">
      <![CDATA[java.lang.NullPointerException: No API environment is registered for this thread.
	at com.google.appengine.api.datastore.DatastoreApiHelper.getCurrentAppId(DatastoreApiHelper.java:117)
	at com.google.appengine.api.datastore.DatastoreApiHelper.getCurrentAppIdNamespace(DatastoreApiHelper.java:133)
	at com.google.appengine.api.datastore.Query.<init>(Query.java:211)
	at com.google.appengine.api.datastore.Query.<init>(Query.java:142)
	at com.FCI.SWE.ServicesModels.UserEntity.getUser(UserEntity.java:115)
	at com.FCI.SWE.Services.UserServices.loginService(UserServices.java:130)
	at com.FCI.SWE.Services.UserServicesTest.loginService(UserServicesTest.java:68)
... Removed 24 stack frames]]>
    </failure>
  </testcase> <!-- loginService -->
  <testcase name="loginService" time="0.001" classname="com.FCI.SWE.Services.UserServicesTest">
    <failure type="java.lang.NullPointerException" message="No API environment is registered for this thread.">
      <![CDATA[java.lang.NullPointerException: No API environment is registered for this thread.
	at com.google.appengine.api.datastore.DatastoreApiHelper.getCurrentAppId(DatastoreApiHelper.java:117)
	at com.google.appengine.api.datastore.DatastoreApiHelper.getCurrentAppIdNamespace(DatastoreApiHelper.java:133)
	at com.google.appengine.api.datastore.Query.<init>(Query.java:211)
	at com.google.appengine.api.datastore.Query.<init>(Query.java:142)
	at com.FCI.SWE.ServicesModels.UserEntity.getUser(UserEntity.java:115)
	at com.FCI.SWE.Services.UserServices.loginService(UserServices.java:130)
	at com.FCI.SWE.Services.UserServicesTest.loginService(UserServicesTest.java:68)
... Removed 24 stack frames]]>
    </failure>
  </testcase> <!-- loginService -->
  <testcase name="makefriendService" time="0.001" classname="com.FCI.SWE.Services.UserServicesTest">
    <failure type="java.lang.NullPointerException" message="No API environment is registered for this thread.">
      <![CDATA[java.lang.NullPointerException: No API environment is registered for this thread.
	at com.google.appengine.api.datastore.DatastoreApiHelper.getCurrentAppId(DatastoreApiHelper.java:117)
	at com.google.appengine.api.datastore.DatastoreApiHelper.getCurrentAppIdNamespace(DatastoreApiHelper.java:133)
	at com.google.appengine.api.datastore.Query.<init>(Query.java:211)
	at com.google.appengine.api.datastore.Query.<init>(Query.java:142)
	at com.FCI.SWE.Services.UserServices.makefriendService(UserServices.java:179)
	at com.FCI.SWE.Services.UserServicesTest.makefriendService(UserServicesTest.java:79)
... Removed 24 stack frames]]>
    </failure>
  </testcase> <!-- makefriendService -->
  <testcase name="makefriendService" time="0.001" classname="com.FCI.SWE.Services.UserServicesTest">
    <failure type="java.lang.NullPointerException" message="No API environment is registered for this thread.">
      <![CDATA[java.lang.NullPointerException: No API environment is registered for this thread.
	at com.google.appengine.api.datastore.DatastoreApiHelper.getCurrentAppId(DatastoreApiHelper.java:117)
	at com.google.appengine.api.datastore.DatastoreApiHelper.getCurrentAppIdNamespace(DatastoreApiHelper.java:133)
	at com.google.appengine.api.datastore.Query.<init>(Query.java:211)
	at com.google.appengine.api.datastore.Query.<init>(Query.java:142)
	at com.FCI.SWE.Services.UserServices.makefriendService(UserServices.java:179)
	at com.FCI.SWE.Services.UserServicesTest.makefriendService(UserServicesTest.java:79)
... Removed 24 stack frames]]>
    </failure>
  </testcase> <!-- makefriendService -->
  <testcase name="makefriendService" time="0.0" classname="com.FCI.SWE.Services.UserServicesTest">
    <failure type="java.lang.NullPointerException" message="No API environment is registered for this thread.">
      <![CDATA[java.lang.NullPointerException: No API environment is registered for this thread.
	at com.google.appengine.api.datastore.DatastoreApiHelper.getCurrentAppId(DatastoreApiHelper.java:117)
	at com.google.appengine.api.datastore.DatastoreApiHelper.getCurrentAppIdNamespace(DatastoreApiHelper.java:133)
	at com.google.appengine.api.datastore.Query.<init>(Query.java:211)
	at com.google.appengine.api.datastore.Query.<init>(Query.java:142)
	at com.FCI.SWE.Services.UserServices.makefriendService(UserServices.java:179)
	at com.FCI.SWE.Services.UserServicesTest.makefriendService(UserServicesTest.java:79)
... Removed 24 stack frames]]>
    </failure>
  </testcase> <!-- makefriendService -->
  <testcase name="makefriendService" time="0.001" classname="com.FCI.SWE.Services.UserServicesTest">
    <failure type="java.lang.NullPointerException" message="No API environment is registered for this thread.">
      <![CDATA[java.lang.NullPointerException: No API environment is registered for this thread.
	at com.google.appengine.api.datastore.DatastoreApiHelper.getCurrentAppId(DatastoreApiHelper.java:117)
	at com.google.appengine.api.datastore.DatastoreApiHelper.getCurrentAppIdNamespace(DatastoreApiHelper.java:133)
	at com.google.appengine.api.datastore.Query.<init>(Query.java:211)
	at com.google.appengine.api.datastore.Query.<init>(Query.java:142)
	at com.FCI.SWE.Services.UserServices.makefriendService(UserServices.java:179)
	at com.FCI.SWE.Services.UserServicesTest.makefriendService(UserServicesTest.java:79)
... Removed 24 stack frames]]>
    </failure>
  </testcase> <!-- makefriendService -->
  <testcase name="sendrequestService" time="0.001" classname="com.FCI.SWE.Services.UserServicesTest">
    <failure type="java.lang.NullPointerException" message="No API environment is registered for this thread.">
      <![CDATA[java.lang.NullPointerException: No API environment is registered for this thread.
	at com.google.appengine.api.datastore.DatastoreApiHelper.getCurrentAppId(DatastoreApiHelper.java:117)
	at com.google.appengine.api.datastore.DatastoreApiHelper.getCurrentAppIdNamespace(DatastoreApiHelper.java:133)
	at com.google.appengine.api.datastore.Query.<init>(Query.java:211)
	at com.google.appengine.api.datastore.Query.<init>(Query.java:142)
	at com.FCI.SWE.ServicesModels.UserEntity.getFriend(UserEntity.java:181)
	at com.FCI.SWE.Services.UserServices.sendrequestService(UserServices.java:156)
	at com.FCI.SWE.Services.UserServicesTest.sendrequestService(UserServicesTest.java:103)
... Removed 24 stack frames]]>
    </failure>
  </testcase> <!-- sendrequestService -->
  <testcase name="sendrequestService" time="0.0" classname="com.FCI.SWE.Services.UserServicesTest">
    <failure type="java.lang.NullPointerException" message="No API environment is registered for this thread.">
      <![CDATA[java.lang.NullPointerException: No API environment is registered for this thread.
	at com.google.appengine.api.datastore.DatastoreApiHelper.getCurrentAppId(DatastoreApiHelper.java:117)
	at com.google.appengine.api.datastore.DatastoreApiHelper.getCurrentAppIdNamespace(DatastoreApiHelper.java:133)
	at com.google.appengine.api.datastore.Query.<init>(Query.java:211)
	at com.google.appengine.api.datastore.Query.<init>(Query.java:142)
	at com.FCI.SWE.ServicesModels.UserEntity.getFriend(UserEntity.java:181)
	at com.FCI.SWE.Services.UserServices.sendrequestService(UserServices.java:156)
	at com.FCI.SWE.Services.UserServicesTest.sendrequestService(UserServicesTest.java:103)
... Removed 24 stack frames]]>
    </failure>
  </testcase> <!-- sendrequestService -->
  <testcase name="writeMessageService" time="0.0" classname="com.FCI.SWE.Services.UserServicesTest">
    <failure type="java.lang.NullPointerException" message="No API environment is registered for this thread.">
      <![CDATA[java.lang.NullPointerException: No API environment is registered for this thread.
	at com.google.appengine.api.datastore.DatastoreApiHelper.getCurrentAppId(DatastoreApiHelper.java:117)
	at com.google.appengine.api.datastore.DatastoreApiHelper.getCurrentAppIdNamespace(DatastoreApiHelper.java:133)
	at com.google.appengine.api.datastore.Query.<init>(Query.java:211)
	at com.google.appengine.api.datastore.Query.<init>(Query.java:142)
	at com.FCI.SWE.ServicesModels.UserEntity.getFriend(UserEntity.java:181)
	at com.FCI.SWE.Services.UserServices.writeMessageService(UserServices.java:274)
	at com.FCI.SWE.Services.UserServicesTest.writeMessageService(UserServicesTest.java:114)
... Removed 24 stack frames]]>
    </failure>
  </testcase> <!-- writeMessageService -->
  <testcase name="writeMessageService" time="0.001" classname="com.FCI.SWE.Services.UserServicesTest">
    <failure type="java.lang.NullPointerException" message="No API environment is registered for this thread.">
      <![CDATA[java.lang.NullPointerException: No API environment is registered for this thread.
	at com.google.appengine.api.datastore.DatastoreApiHelper.getCurrentAppId(DatastoreApiHelper.java:117)
	at com.google.appengine.api.datastore.DatastoreApiHelper.getCurrentAppIdNamespace(DatastoreApiHelper.java:133)
	at com.google.appengine.api.datastore.Query.<init>(Query.java:211)
	at com.google.appengine.api.datastore.Query.<init>(Query.java:142)
	at com.FCI.SWE.ServicesModels.UserEntity.getFriend(UserEntity.java:181)
	at com.FCI.SWE.Services.UserServices.writeMessageService(UserServices.java:274)
	at com.FCI.SWE.Services.UserServicesTest.writeMessageService(UserServicesTest.java:114)
... Removed 24 stack frames]]>
    </failure>
  </testcase> <!-- writeMessageService -->
  <testcase name="registrationService" time="0.0" classname="com.FCI.SWE.Services.UserServicesTest">
    <failure type="java.lang.NullPointerException" message="No API environment is registered for this thread.">
      <![CDATA[java.lang.NullPointerException: No API environment is registered for this thread.
	at com.google.appengine.api.datastore.DatastoreApiHelper.getCurrentAppId(DatastoreApiHelper.java:117)
	at com.google.appengine.api.datastore.DatastoreApiHelper.getCurrentAppIdNamespace(DatastoreApiHelper.java:133)
	at com.google.appengine.api.datastore.Query.<init>(Query.java:211)
	at com.google.appengine.api.datastore.Query.<init>(Query.java:142)
	at com.FCI.SWE.ServicesModels.UserEntity.saveUser(UserEntity.java:140)
	at com.FCI.SWE.Services.UserServices.registrationService(UserServices.java:78)
	at com.FCI.SWE.Services.UserServicesTest.registrationService(UserServicesTest.java:90)
... Removed 24 stack frames]]>
    </failure>
  </testcase> <!-- registrationService -->
  <testcase name="registrationService" time="0.0" classname="com.FCI.SWE.Services.UserServicesTest">
    <failure type="java.lang.NullPointerException" message="No API environment is registered for this thread.">
      <![CDATA[java.lang.NullPointerException: No API environment is registered for this thread.
	at com.google.appengine.api.datastore.DatastoreApiHelper.getCurrentAppId(DatastoreApiHelper.java:117)
	at com.google.appengine.api.datastore.DatastoreApiHelper.getCurrentAppIdNamespace(DatastoreApiHelper.java:133)
	at com.google.appengine.api.datastore.Query.<init>(Query.java:211)
	at com.google.appengine.api.datastore.Query.<init>(Query.java:142)
	at com.FCI.SWE.ServicesModels.UserEntity.saveUser(UserEntity.java:140)
	at com.FCI.SWE.Services.UserServices.registrationService(UserServices.java:78)
	at com.FCI.SWE.Services.UserServicesTest.registrationService(UserServicesTest.java:90)
... Removed 24 stack frames]]>
    </failure>
  </testcase> <!-- registrationService -->
  <testcase name="registrationService" time="0.0" classname="com.FCI.SWE.Services.UserServicesTest">
    <failure type="java.lang.NullPointerException" message="No API environment is registered for this thread.">
      <![CDATA[java.lang.NullPointerException: No API environment is registered for this thread.
	at com.google.appengine.api.datastore.DatastoreApiHelper.getCurrentAppId(DatastoreApiHelper.java:117)
	at com.google.appengine.api.datastore.DatastoreApiHelper.getCurrentAppIdNamespace(DatastoreApiHelper.java:133)
	at com.google.appengine.api.datastore.Query.<init>(Query.java:211)
	at com.google.appengine.api.datastore.Query.<init>(Query.java:142)
	at com.FCI.SWE.ServicesModels.UserEntity.saveUser(UserEntity.java:140)
	at com.FCI.SWE.Services.UserServices.registrationService(UserServices.java:78)
	at com.FCI.SWE.Services.UserServicesTest.registrationService(UserServicesTest.java:90)
... Removed 24 stack frames]]>
    </failure>
  </testcase> <!-- registrationService -->
  <testcase name="registrationService" time="0.0" classname="com.FCI.SWE.Services.UserServicesTest">
    <failure type="java.lang.NullPointerException" message="No API environment is registered for this thread.">
      <![CDATA[java.lang.NullPointerException: No API environment is registered for this thread.
	at com.google.appengine.api.datastore.DatastoreApiHelper.getCurrentAppId(DatastoreApiHelper.java:117)
	at com.google.appengine.api.datastore.DatastoreApiHelper.getCurrentAppIdNamespace(DatastoreApiHelper.java:133)
	at com.google.appengine.api.datastore.Query.<init>(Query.java:211)
	at com.google.appengine.api.datastore.Query.<init>(Query.java:142)
	at com.FCI.SWE.ServicesModels.UserEntity.saveUser(UserEntity.java:140)
	at com.FCI.SWE.Services.UserServices.registrationService(UserServices.java:78)
	at com.FCI.SWE.Services.UserServicesTest.registrationService(UserServicesTest.java:90)
... Removed 24 stack frames]]>
    </failure>
  </testcase> <!-- registrationService -->
  <testcase name="chatgroupService" time="0.004" classname="com.FCI.SWE.Services.UserServicesTest">
    <failure type="org.testng.TestNGException" message="
The data provider is trying to pass 6 parameters but the method com.FCI.SWE.Services.UserServicesTest#chatgroupService takes 7 and TestNG is unable in inject a suitable object">
      <![CDATA[org.testng.TestNGException: 
The data provider is trying to pass 6 parameters but the method com.FCI.SWE.Services.UserServicesTest#chatgroupService takes 7 and TestNG is unable in inject a suitable object
Caused by: java.lang.ArrayIndexOutOfBoundsException: 6
	... 17 more
... Removed 19 stack frames]]>
    </failure>
  </testcase> <!-- chatgroupService -->
  <testcase name="chatgroupService1" time="0.0" classname="com.FCI.SWE.Services.UserServicesTest">
    <skipped/>
  </testcase> <!-- chatgroupService1 -->
  <testcase name="loginService1" time="0.0" classname="com.FCI.SWE.Services.UserServicesTest">
    <skipped/>
  </testcase> <!-- loginService1 -->
  <testcase name="SignOutService1" time="0.0" classname="com.FCI.SWE.Services.UserServicesTest">
    <skipped/>
  </testcase> <!-- SignOutService1 -->
  <testcase name="makefriendService1" time="0.0" classname="com.FCI.SWE.Services.UserServicesTest">
    <skipped/>
  </testcase> <!-- makefriendService1 -->
  <testcase name="sendrequestService1" time="0.0" classname="com.FCI.SWE.Services.UserServicesTest">
    <skipped/>
  </testcase> <!-- sendrequestService1 -->
</testsuite> <!-- Default test(failed) -->
